<?xml version="1.0" encoding="UTF-8"?>
<!-- Generated by org.testng.reporters.JUnitXMLReporter -->
<testsuite hostname="DESKTOP-OB6MLR4" ignored="0" name="netBankingApp Test" tests="2" failures="0" timestamp="2020-10-07T11:05:57 IST" time="40.044" errors="0">
  <testcase name="loginTest" time="2.01" classname="com.netBankingApp.TestCases.TC_LoginTest_001"/>
  <testcase name="addNewCustomer" time="13.36" classname="com.netBankingApp.TestCases.TC_AddCustomerTest_003"/>
</testsuite> <!-- netBankingApp Test -->
