<?xml version="1.0" encoding="UTF-8"?>
<!-- Generated by org.testng.reporters.JUnitXMLReporter -->
<testsuite hostname="DESKTOP-OB6MLR4" ignored="0" name="netBankingApp Test" tests="2" failures="0" timestamp="2020-10-12T12:06:25 IST" time="58.697" errors="0">
  <testcase name="loginTest" time="2.43" classname="com.netBankingApp.TestCases.TC_LoginTest_001"/>
  <testcase name="addNewCustomer" time="18.209" classname="com.netBankingApp.TestCases.TC_AddCustomerTest_003"/>
</testsuite> <!-- netBankingApp Test -->
