<?xml version="1.0" encoding="UTF-8"?>
<testng-results skipped="0" failed="0" ignored="0" total="1" passed="1">
  <reporter-output>
  </reporter-output>
  <suite name="Default suite" duration-ms="89" started-at="2020-09-29T13:33:22Z" finished-at="2020-09-29T13:33:22Z">
    <groups>
    </groups>
    <test name="Default test" duration-ms="89" started-at="2020-09-29T13:33:22Z" finished-at="2020-09-29T13:33:22Z">
      <class name="com.netBankingApp.TestCases.demoTestNG_Sequence">
        <test-method status="PASS" signature="methodeight()[pri:0, instance:com.netBankingApp.TestCases.demoTestNG_Sequence@6eebc39e]" name="methodeight" duration-ms="21" started-at="2020-09-29T13:33:22Z" finished-at="2020-09-29T13:33:22Z">
          <reporter-output>
          </reporter-output>
        </test-method> <!-- methodeight -->
        <test-method status="PASS" signature="methodnine()[pri:0, instance:com.netBankingApp.TestCases.demoTestNG_Sequence@6eebc39e]" name="methodnine" is-config="true" duration-ms="0" started-at="2020-09-29T13:33:22Z" finished-at="2020-09-29T13:33:22Z">
          <reporter-output>
          </reporter-output>
        </test-method> <!-- methodnine -->
      </class> <!-- com.netBankingApp.TestCases.demoTestNG_Sequence -->
    </test> <!-- Default test -->
  </suite> <!-- Default suite -->
</testng-results>
